Change component parameters: Designator = "IOH"; Footprint = "Header 10x1 8.5mm"; UniqueID = "\YUIEELQM"
Change component parameters. Clean all parameters for all variants
Change component parameters (AddParameter): Name = "Supplier 1"; Value = "Arrow"; VariantName = "[No Variations]"
Change component parameters (AddParameter): Name = "Supplier 2"; Value = "Digi-Key"; VariantName = "[No Variations]"
Change component parameters (AddParameter): Name = "Supplier 3"; Value = "Arrow"; VariantName = "[No Variations]"
Change component parameters (AddParameter): Name = "Supplier Part Number 1"; Value = "2698803S4475693N1004"; VariantName = "[No Variations]"
Change component parameters (AddParameter): Name = "Supplier Part Number 2"; Value = "SAM1198-10-ND"; VariantName = "[No Variations]"
Change component parameters (AddParameter): Name = "Supplier Part Number 3"; Value = "2698789"; VariantName = "[No Variations]"
Change component parameters: Designator = "AD"; Footprint = "Header 6x1 8.5mm"; UniqueID = "\MRDMLAAM"
Change component parameters. Clean all parameters for all variants
Change component parameters (AddParameter): Name = "Supplier 1"; Value = "Arrow"; VariantName = "[No Variations]"
Change component parameters (AddParameter): Name = "Supplier 2"; Value = "Digi-Key"; VariantName = "[No Variations]"
Change component parameters (AddParameter): Name = "Supplier 3"; Value = "Arrow"; VariantName = "[No Variations]"
Change component parameters (AddParameter): Name = "Supplier 4"; Value = "Arrow"; VariantName = "[No Variations]"
Change component parameters (AddParameter): Name = "Supplier Part Number 1"; Value = "2699089"; VariantName = "[No Variations]"
Change component parameters (AddParameter): Name = "Supplier Part Number 2"; Value = "SAM1198-06-ND"; VariantName = "[No Variations]"
Change component parameters (AddParameter): Name = "Supplier Part Number 3"; Value = "2699088"; VariantName = "[No Variations]"
Change component parameters (AddParameter): Name = "Supplier Part Number 4"; Value = "2699075"; VariantName = "[No Variations]"
Change component parameters: Designator = "IOL"; Footprint = "Header 8x1 8.5mm"; UniqueID = "\MFAMOVPP"
Change component parameters. Clean all parameters for all variants
Change component parameters (AddParameter): Name = "Supplier 1"; Value = "Digi-Key"; VariantName = "[No Variations]"
Change component parameters (AddParameter): Name = "Supplier 2"; Value = "Arrow"; VariantName = "[No Variations]"
Change component parameters (AddParameter): Name = "Supplier 3"; Value = "Arrow"; VariantName = "[No Variations]"
Change component parameters (AddParameter): Name = "Supplier 4"; Value = "Arrow"; VariantName = "[No Variations]"
Change component parameters (AddParameter): Name = "Supplier Part Number 1"; Value = "SAM1198-08-ND"; VariantName = "[No Variations]"
Change component parameters (AddParameter): Name = "Supplier Part Number 2"; Value = "2698939"; VariantName = "[No Variations]"
Change component parameters (AddParameter): Name = "Supplier Part Number 3"; Value = "2698940"; VariantName = "[No Variations]"
Change component parameters (AddParameter): Name = "Supplier Part Number 4"; Value = "2698925"; VariantName = "[No Variations]"
Change component parameters: Designator = "POWER"; Footprint = "Header 8x1 8.5mm"; UniqueID = "\XQKUSQIT"
Change component parameters. Clean all parameters for all variants
Change component parameters (AddParameter): Name = "Supplier 1"; Value = "Digi-Key"; VariantName = "[No Variations]"
Change component parameters (AddParameter): Name = "Supplier 2"; Value = "Arrow"; VariantName = "[No Variations]"
Change component parameters (AddParameter): Name = "Supplier 3"; Value = "Arrow"; VariantName = "[No Variations]"
Change component parameters (AddParameter): Name = "Supplier 4"; Value = "Arrow"; VariantName = "[No Variations]"
Change component parameters (AddParameter): Name = "Supplier Part Number 1"; Value = "SAM1198-08-ND"; VariantName = "[No Variations]"
Change component parameters (AddParameter): Name = "Supplier Part Number 2"; Value = "2698939"; VariantName = "[No Variations]"
Change component parameters (AddParameter): Name = "Supplier Part Number 3"; Value = "2698940"; VariantName = "[No Variations]"
Change component parameters (AddParameter): Name = "Supplier Part Number 4"; Value = "2698925"; VariantName = "[No Variations]"
Change component parameters: Designator = "ICSP"; Footprint = "ICSP"; UniqueID = "\OOKHNFPF"
Change component parameters. Clean all parameters for all variants
Change component parameters (AddParameter): Name = "Supplier 1"; Value = "Arrow"; VariantName = "[No Variations]"
Change component parameters (AddParameter): Name = "Supplier 2"; Value = "Arrow"; VariantName = "[No Variations]"
Change component parameters (AddParameter): Name = "Supplier 3"; Value = "Digi-Key"; VariantName = "[No Variations]"
Change component parameters (AddParameter): Name = "Supplier 4"; Value = "Arrow"; VariantName = "[No Variations]"
Change component parameters (AddParameter): Name = "Supplier 5"; Value = "Digi-Key"; VariantName = "[No Variations]"
Change component parameters (AddParameter): Name = "Supplier Part Number 1"; Value = "2699117"; VariantName = "[No Variations]"
Change component parameters (AddParameter): Name = "Supplier Part Number 2"; Value = "2699116"; VariantName = "[No Variations]"
Change component parameters (AddParameter): Name = "Supplier Part Number 3"; Value = "SAM1185-06-ND"; VariantName = "[No Variations]"
Change component parameters (AddParameter): Name = "Supplier Part Number 4"; Value = "2699091"; VariantName = "[No Variations]"
Change component parameters (AddParameter): Name = "Supplier Part Number 5"; Value = "SAM1196-06-ND"; VariantName = "[No Variations]"
Added Component: Designator=C1_HB1A(CAPC2013X135X45ML10T25)
Add component. Clean all parameters for all variants
Add component (AddParameter): Name = "Manufacturer"; Value = "Murata"; VariantName = "[No Variations]"
Add component (AddParameter): Name = "Part Number"; Value = "GRM21BR61E106KA73L"; VariantName = "[No Variations]"
Added Component: Designator=C1_HB1B(CAPC2013X135X45ML10T25)
Add component. Clean all parameters for all variants
Add component (AddParameter): Name = "Manufacturer"; Value = "Murata"; VariantName = "[No Variations]"
Add component (AddParameter): Name = "Part Number"; Value = "GRM21BR61E106KA73L"; VariantName = "[No Variations]"
Added Component: Designator=C1_HB2A(CAPC2013X135X45ML10T25)
Add component. Clean all parameters for all variants
Add component (AddParameter): Name = "Manufacturer"; Value = "Murata"; VariantName = "[No Variations]"
Add component (AddParameter): Name = "Part Number"; Value = "GRM21BR61E106KA73L"; VariantName = "[No Variations]"
Added Component: Designator=C1_HB2B(CAPC2013X135X45ML10T25)
Add component. Clean all parameters for all variants
Add component (AddParameter): Name = "Manufacturer"; Value = "Murata"; VariantName = "[No Variations]"
Add component (AddParameter): Name = "Part Number"; Value = "GRM21BR61E106KA73L"; VariantName = "[No Variations]"
Added Component: Designator=C2_HB1A(CAPC2013X135X45ML10T25)
Add component. Clean all parameters for all variants
Add component (AddParameter): Name = "Manufacturer"; Value = "Murata"; VariantName = "[No Variations]"
Add component (AddParameter): Name = "Part Number"; Value = "GRM21BR61E106KA73L"; VariantName = "[No Variations]"
Added Component: Designator=C2_HB1B(CAPC2013X135X45ML10T25)
Add component. Clean all parameters for all variants
Add component (AddParameter): Name = "Manufacturer"; Value = "Murata"; VariantName = "[No Variations]"
Add component (AddParameter): Name = "Part Number"; Value = "GRM21BR61E106KA73L"; VariantName = "[No Variations]"
Added Component: Designator=C2_HB2A(CAPC2013X135X45ML10T25)
Add component. Clean all parameters for all variants
Add component (AddParameter): Name = "Manufacturer"; Value = "Murata"; VariantName = "[No Variations]"
Add component (AddParameter): Name = "Part Number"; Value = "GRM21BR61E106KA73L"; VariantName = "[No Variations]"
Added Component: Designator=C2_HB2B(CAPC2013X135X45ML10T25)
Add component. Clean all parameters for all variants
Add component (AddParameter): Name = "Manufacturer"; Value = "Murata"; VariantName = "[No Variations]"
Add component (AddParameter): Name = "Part Number"; Value = "GRM21BR61E106KA73L"; VariantName = "[No Variations]"
Added Component: Designator=C3_HB1A(CAPC5750X279X64LL40T39)
Add component. Clean all parameters for all variants
Add component (AddParameter): Name = "Datasheet URL"; Value = "http://datasheets.avx.com/X7RDielectric.pdf"; VariantName = "[No Variations]"
Add component (AddParameter): Name = "Datasheet Version"; Value = "03/2017"; VariantName = "[No Variations]"
Add component (AddParameter): Name = "Manufacturer"; Value = "AVX"; VariantName = "[No Variations]"
Add component (AddParameter): Name = "Manufacturer URL"; Value = "http://www.avx.com/"; VariantName = "[No Variations]"
Add component (AddParameter): Name = "Mounting Technology"; Value = "SurfaceMount"; VariantName = "[No Variations]"
Add component (AddParameter): Name = "Package Description"; Value = "2-Pin Surface Mount Device, Body 5 x 5.7 mm"; VariantName = "[No Variations]"
Add component (AddParameter): Name = "Package Reference"; Value = "2220"; VariantName = "[No Variations]"
Added Component: Designator=C3_HB1B(CAPC5750X279X64LL40T39)
Add component. Clean all parameters for all variants
Add component (AddParameter): Name = "Datasheet URL"; Value = "http://datasheets.avx.com/X7RDielectric.pdf"; VariantName = "[No Variations]"
Add component (AddParameter): Name = "Datasheet Version"; Value = "03/2017"; VariantName = "[No Variations]"
Add component (AddParameter): Name = "Manufacturer"; Value = "AVX"; VariantName = "[No Variations]"
Add component (AddParameter): Name = "Manufacturer URL"; Value = "http://www.avx.com/"; VariantName = "[No Variations]"
Add component (AddParameter): Name = "Mounting Technology"; Value = "SurfaceMount"; VariantName = "[No Variations]"
Add component (AddParameter): Name = "Package Description"; Value = "2-Pin Surface Mount Device, Body 5 x 5.7 mm"; VariantName = "[No Variations]"
Add component (AddParameter): Name = "Package Reference"; Value = "2220"; VariantName = "[No Variations]"
Added Component: Designator=C3_HB2A(CAPC5750X279X64LL40T39)
Add component. Clean all parameters for all variants
Add component (AddParameter): Name = "Datasheet URL"; Value = "http://datasheets.avx.com/X7RDielectric.pdf"; VariantName = "[No Variations]"
Add component (AddParameter): Name = "Datasheet Version"; Value = "03/2017"; VariantName = "[No Variations]"
Add component (AddParameter): Name = "Manufacturer"; Value = "AVX"; VariantName = "[No Variations]"
Add component (AddParameter): Name = "Manufacturer URL"; Value = "http://www.avx.com/"; VariantName = "[No Variations]"
Add component (AddParameter): Name = "Mounting Technology"; Value = "SurfaceMount"; VariantName = "[No Variations]"
Add component (AddParameter): Name = "Package Description"; Value = "2-Pin Surface Mount Device, Body 5 x 5.7 mm"; VariantName = "[No Variations]"
Add component (AddParameter): Name = "Package Reference"; Value = "2220"; VariantName = "[No Variations]"
Added Component: Designator=C3_HB2B(CAPC5750X279X64LL40T39)
Add component. Clean all parameters for all variants
Add component (AddParameter): Name = "Datasheet URL"; Value = "http://datasheets.avx.com/X7RDielectric.pdf"; VariantName = "[No Variations]"
Add component (AddParameter): Name = "Datasheet Version"; Value = "03/2017"; VariantName = "[No Variations]"
Add component (AddParameter): Name = "Manufacturer"; Value = "AVX"; VariantName = "[No Variations]"
Add component (AddParameter): Name = "Manufacturer URL"; Value = "http://www.avx.com/"; VariantName = "[No Variations]"
Add component (AddParameter): Name = "Mounting Technology"; Value = "SurfaceMount"; VariantName = "[No Variations]"
Add component (AddParameter): Name = "Package Description"; Value = "2-Pin Surface Mount Device, Body 5 x 5.7 mm"; VariantName = "[No Variations]"
Add component (AddParameter): Name = "Package Reference"; Value = "2220"; VariantName = "[No Variations]"
Added Component: Designator=D1_HB1A(DIOD-SOD-123-2_V)
Add component. Clean all parameters for all variants
Add component (AddParameter): Name = "ComponentLink1Description"; Value = "Manufacturer URL"; VariantName = "[No Variations]"
Add component (AddParameter): Name = "ComponentLink1URL"; Value = "http://www.diodes.com/"; VariantName = "[No Variations]"
Add component (AddParameter): Name = "ComponentLink2Description"; Value = "Datasheet"; VariantName = "[No Variations]"
Add component (AddParameter): Name = "ComponentLink2URL"; Value = "http://diodes.com/datasheets/ds30044.pdf"; VariantName = "[No Variations]"
Add component (AddParameter): Name = "ComponentLink3Description"; Value = "Package Specification"; VariantName = "[No Variations]"
Add component (AddParameter): Name = "ComponentLink3URL"; Value = "http://diodes.com/datasheets/ds30044.pdf"; VariantName = "[No Variations]"
Add component (AddParameter): Name = "CT@1 V"; Value = "12 pF Typ."; VariantName = "[No Variations]"
Add component (AddParameter): Name = "DatasheetVersion"; Value = "Rev. 16-2"; VariantName = "[No Variations]"
Add component (AddParameter): Name = "IR@1.5 V"; Value = "0.3 uA Max."; VariantName = "[No Variations]"
Add component (AddParameter): Name = "Manufacturer"; Value = "Diodes Inc"; VariantName = "[No Variations]"
Add component (AddParameter): Name = "Mounting Technology"; Value = "Surface Mount"; VariantName = "[No Variations]"
Add component (AddParameter): Name = "Operating Temperature"; Value = "-55 to 125 degC"; VariantName = "[No Variations]"
Add component (AddParameter): Name = "PackageDescription"; Value = "2-Pin SMD, Body 2.7 x 1.55 mm, Height 1.45 mm"; VariantName = "[No Variations]"
Add component (AddParameter): Name = "Packing"; Value = "Tape and Reel"; VariantName = "[No Variations]"
Add component (AddParameter): Name = "PartNumber"; Value = "BAT46W-7-F"; VariantName = "[No Variations]"
Add component (AddParameter): Name = "RoHS"; Value = "TRUE"; VariantName = "[No Variations]"
Add component (AddParameter): Name = "V(BR)R"; Value = "100 V Min."; VariantName = "[No Variations]"
Add component (AddParameter): Name = "VF@10 mA"; Value = "0.45 V Max."; VariantName = "[No Variations]"
Added Component: Designator=D1_HB1B(DIOD-SOD-123-2_V)
Add component. Clean all parameters for all variants
Add component (AddParameter): Name = "ComponentLink1Description"; Value = "Manufacturer URL"; VariantName = "[No Variations]"
Add component (AddParameter): Name = "ComponentLink1URL"; Value = "http://www.diodes.com/"; VariantName = "[No Variations]"
Add component (AddParameter): Name = "ComponentLink2Description"; Value = "Datasheet"; VariantName = "[No Variations]"
Add component (AddParameter): Name = "ComponentLink2URL"; Value = "http://diodes.com/datasheets/ds30044.pdf"; VariantName = "[No Variations]"
Add component (AddParameter): Name = "ComponentLink3Description"; Value = "Package Specification"; VariantName = "[No Variations]"
Add component (AddParameter): Name = "ComponentLink3URL"; Value = "http://diodes.com/datasheets/ds30044.pdf"; VariantName = "[No Variations]"
Add component (AddParameter): Name = "CT@1 V"; Value = "12 pF Typ."; VariantName = "[No Variations]"
Add component (AddParameter): Name = "DatasheetVersion"; Value = "Rev. 16-2"; VariantName = "[No Variations]"
Add component (AddParameter): Name = "IR@1.5 V"; Value = "0.3 uA Max."; VariantName = "[No Variations]"
Add component (AddParameter): Name = "Manufacturer"; Value = "Diodes Inc"; VariantName = "[No Variations]"
Add component (AddParameter): Name = "Mounting Technology"; Value = "Surface Mount"; VariantName = "[No Variations]"
Add component (AddParameter): Name = "Operating Temperature"; Value = "-55 to 125 degC"; VariantName = "[No Variations]"
Add component (AddParameter): Name = "PackageDescription"; Value = "2-Pin SMD, Body 2.7 x 1.55 mm, Height 1.45 mm"; VariantName = "[No Variations]"
Add component (AddParameter): Name = "Packing"; Value = "Tape and Reel"; VariantName = "[No Variations]"
Add component (AddParameter): Name = "PartNumber"; Value = "BAT46W-7-F"; VariantName = "[No Variations]"
Add component (AddParameter): Name = "RoHS"; Value = "TRUE"; VariantName = "[No Variations]"
Add component (AddParameter): Name = "V(BR)R"; Value = "100 V Min."; VariantName = "[No Variations]"
Add component (AddParameter): Name = "VF@10 mA"; Value = "0.45 V Max."; VariantName = "[No Variations]"
Added Component: Designator=D1_HB2A(DIOD-SOD-123-2_V)
Add component. Clean all parameters for all variants
Add component (AddParameter): Name = "ComponentLink1Description"; Value = "Manufacturer URL"; VariantName = "[No Variations]"
Add component (AddParameter): Name = "ComponentLink1URL"; Value = "http://www.diodes.com/"; VariantName = "[No Variations]"
Add component (AddParameter): Name = "ComponentLink2Description"; Value = "Datasheet"; VariantName = "[No Variations]"
Add component (AddParameter): Name = "ComponentLink2URL"; Value = "http://diodes.com/datasheets/ds30044.pdf"; VariantName = "[No Variations]"
Add component (AddParameter): Name = "ComponentLink3Description"; Value = "Package Specification"; VariantName = "[No Variations]"
Add component (AddParameter): Name = "ComponentLink3URL"; Value = "http://diodes.com/datasheets/ds30044.pdf"; VariantName = "[No Variations]"
Add component (AddParameter): Name = "CT@1 V"; Value = "12 pF Typ."; VariantName = "[No Variations]"
Add component (AddParameter): Name = "DatasheetVersion"; Value = "Rev. 16-2"; VariantName = "[No Variations]"
Add component (AddParameter): Name = "IR@1.5 V"; Value = "0.3 uA Max."; VariantName = "[No Variations]"
Add component (AddParameter): Name = "Manufacturer"; Value = "Diodes Inc"; VariantName = "[No Variations]"
Add component (AddParameter): Name = "Mounting Technology"; Value = "Surface Mount"; VariantName = "[No Variations]"
Add component (AddParameter): Name = "Operating Temperature"; Value = "-55 to 125 degC"; VariantName = "[No Variations]"
Add component (AddParameter): Name = "PackageDescription"; Value = "2-Pin SMD, Body 2.7 x 1.55 mm, Height 1.45 mm"; VariantName = "[No Variations]"
Add component (AddParameter): Name = "Packing"; Value = "Tape and Reel"; VariantName = "[No Variations]"
Add component (AddParameter): Name = "PartNumber"; Value = "BAT46W-7-F"; VariantName = "[No Variations]"
Add component (AddParameter): Name = "RoHS"; Value = "TRUE"; VariantName = "[No Variations]"
Add component (AddParameter): Name = "V(BR)R"; Value = "100 V Min."; VariantName = "[No Variations]"
Add component (AddParameter): Name = "VF@10 mA"; Value = "0.45 V Max."; VariantName = "[No Variations]"
Added Component: Designator=D1_HB2B(DIOD-SOD-123-2_V)
Add component. Clean all parameters for all variants
Add component (AddParameter): Name = "ComponentLink1Description"; Value = "Manufacturer URL"; VariantName = "[No Variations]"
Add component (AddParameter): Name = "ComponentLink1URL"; Value = "http://www.diodes.com/"; VariantName = "[No Variations]"
Add component (AddParameter): Name = "ComponentLink2Description"; Value = "Datasheet"; VariantName = "[No Variations]"
Add component (AddParameter): Name = "ComponentLink2URL"; Value = "http://diodes.com/datasheets/ds30044.pdf"; VariantName = "[No Variations]"
Add component (AddParameter): Name = "ComponentLink3Description"; Value = "Package Specification"; VariantName = "[No Variations]"
Add component (AddParameter): Name = "ComponentLink3URL"; Value = "http://diodes.com/datasheets/ds30044.pdf"; VariantName = "[No Variations]"
Add component (AddParameter): Name = "CT@1 V"; Value = "12 pF Typ."; VariantName = "[No Variations]"
Add component (AddParameter): Name = "DatasheetVersion"; Value = "Rev. 16-2"; VariantName = "[No Variations]"
Add component (AddParameter): Name = "IR@1.5 V"; Value = "0.3 uA Max."; VariantName = "[No Variations]"
Add component (AddParameter): Name = "Manufacturer"; Value = "Diodes Inc"; VariantName = "[No Variations]"
Add component (AddParameter): Name = "Mounting Technology"; Value = "Surface Mount"; VariantName = "[No Variations]"
Add component (AddParameter): Name = "Operating Temperature"; Value = "-55 to 125 degC"; VariantName = "[No Variations]"
Add component (AddParameter): Name = "PackageDescription"; Value = "2-Pin SMD, Body 2.7 x 1.55 mm, Height 1.45 mm"; VariantName = "[No Variations]"
Add component (AddParameter): Name = "Packing"; Value = "Tape and Reel"; VariantName = "[No Variations]"
Add component (AddParameter): Name = "PartNumber"; Value = "BAT46W-7-F"; VariantName = "[No Variations]"
Add component (AddParameter): Name = "RoHS"; Value = "TRUE"; VariantName = "[No Variations]"
Add component (AddParameter): Name = "V(BR)R"; Value = "100 V Min."; VariantName = "[No Variations]"
Add component (AddParameter): Name = "VF@10 mA"; Value = "0.45 V Max."; VariantName = "[No Variations]"
Added Component: Designator=M?(AMPH-68000-102HLF_V)
Add component. Clean all parameters for all variants
Add component (AddParameter): Name = "Brand"; Value = "FCI"; VariantName = "[No Variations]"
Add component (AddParameter): Name = "Contact Gender"; Value = "Pin(Male)"; VariantName = "[No Variations]"
Add component (AddParameter): Name = "Contact Material"; Value = "PhosphorBronze"; VariantName = "[No Variations]"
Add component (AddParameter): Name = "Contact Plating"; Value = "Gold/GTX"; VariantName = "[No Variations]"
Add component (AddParameter): Name = "Current Rating"; Value = "3A"; VariantName = "[No Variations]"
Add component (AddParameter): Name = "Datasheet URL"; Value = "https://datasheet.ciiva.com/5149/68000-274228-5149165.pdf"; VariantName = "[No Variations]"
Add component (AddParameter): Name = "Datasheet Version"; Value = "Rev. F, 04/2006"; VariantName = "[No Variations]"
Add component (AddParameter): Name = "Factory Pack Quantity"; Value = "100"; VariantName = "[No Variations]"
Add component (AddParameter): Name = "Flammability Rating"; Value = "UL94V-0"; VariantName = "[No Variations]"
Add component (AddParameter): Name = "Housing Material"; Value = "Thermoplastic"; VariantName = "[No Variations]"
Add component (AddParameter): Name = "Insulation Resistance"; Value = "5000MOhms"; VariantName = "[No Variations]"
Add component (AddParameter): Name = "Manufacturer"; Value = "FCI"; VariantName = "[No Variations]"
Add component (AddParameter): Name = "Manufacturer URL"; Value = "http://www.amphenol.com/"; VariantName = "[No Variations]"
Add component (AddParameter): Name = "Mating Post Length"; Value = "5.84mm"; VariantName = "[No Variations]"
Add component (AddParameter): Name = "Mounting Angle"; Value = "Vertical"; VariantName = "[No Variations]"
Add component (AddParameter): Name = "Mounting Style"; Value = "ThroughHole"; VariantName = "[No Variations]"
Add component (AddParameter): Name = "Mounting Technology"; Value = "ThroughHole"; VariantName = "[No Variations]"
Add component (AddParameter): Name = "Number of Positions"; Value = "2"; VariantName = "[No Variations]"
Add component (AddParameter): Name = "Number of Positions / Contacts"; Value = "2"; VariantName = "[No Variations]"
Add component (AddParameter): Name = "Number of Rows"; Value = "1"; VariantName = "[No Variations]"
Add component (AddParameter): Name = "Operating Temperature Range"; Value = "-65Cto+125C"; VariantName = "[No Variations]"
Add component (AddParameter): Name = "Package Description"; Value = "Male Header, Pitch 2.54 mm, 1 x 2 Position, Height 8.38 mm, Tail Length 2.41 mm"; VariantName = "[No Variations]"
Add component (AddParameter): Name = "Package Reference"; Value = "68000-102HLF"; VariantName = "[No Variations]"
Add component (AddParameter): Name = "Packaging"; Value = "Bulk"; VariantName = "[No Variations]"
Add component (AddParameter): Name = "Pitch"; Value = "2.54mm"; VariantName = "[No Variations]"
Add component (AddParameter): Name = "Product Category"; Value = "Headers&WireHousings"; VariantName = "[No Variations]"
Add component (AddParameter): Name = "Product Type"; Value = "Headers"; VariantName = "[No Variations]"
Add component (AddParameter): Name = "RoHS"; Value = "Details"; VariantName = "[No Variations]"
Add component (AddParameter): Name = "Series"; Value = "68000"; VariantName = "[No Variations]"
Add component (AddParameter): Name = "Termination Post Length"; Value = "2.41mm"; VariantName = "[No Variations]"
Add component (AddParameter): Name = "Termination Style"; Value = "ThroughHole"; VariantName = "[No Variations]"
Add component (AddParameter): Name = "Type"; Value = "Unshrouded"; VariantName = "[No Variations]"
Add component (AddParameter): Name = "Voltage Rating"; Value = "1.5kV"; VariantName = "[No Variations]"
Added Component: Designator=M?(AMPH-68000-102HLF_V)
Add component. Clean all parameters for all variants
Add component (AddParameter): Name = "Brand"; Value = "FCI"; VariantName = "[No Variations]"
Add component (AddParameter): Name = "Contact Gender"; Value = "Pin(Male)"; VariantName = "[No Variations]"
Add component (AddParameter): Name = "Contact Material"; Value = "PhosphorBronze"; VariantName = "[No Variations]"
Add component (AddParameter): Name = "Contact Plating"; Value = "Gold/GTX"; VariantName = "[No Variations]"
Add component (AddParameter): Name = "Current Rating"; Value = "3A"; VariantName = "[No Variations]"
Add component (AddParameter): Name = "Datasheet URL"; Value = "https://datasheet.ciiva.com/5149/68000-274228-5149165.pdf"; VariantName = "[No Variations]"
Add component (AddParameter): Name = "Datasheet Version"; Value = "Rev. F, 04/2006"; VariantName = "[No Variations]"
Add component (AddParameter): Name = "Factory Pack Quantity"; Value = "100"; VariantName = "[No Variations]"
Add component (AddParameter): Name = "Flammability Rating"; Value = "UL94V-0"; VariantName = "[No Variations]"
Add component (AddParameter): Name = "Housing Material"; Value = "Thermoplastic"; VariantName = "[No Variations]"
Add component (AddParameter): Name = "Insulation Resistance"; Value = "5000MOhms"; VariantName = "[No Variations]"
Add component (AddParameter): Name = "Manufacturer"; Value = "FCI"; VariantName = "[No Variations]"
Add component (AddParameter): Name = "Manufacturer URL"; Value = "http://www.amphenol.com/"; VariantName = "[No Variations]"
Add component (AddParameter): Name = "Mating Post Length"; Value = "5.84mm"; VariantName = "[No Variations]"
Add component (AddParameter): Name = "Mounting Angle"; Value = "Vertical"; VariantName = "[No Variations]"
Add component (AddParameter): Name = "Mounting Style"; Value = "ThroughHole"; VariantName = "[No Variations]"
Add component (AddParameter): Name = "Mounting Technology"; Value = "ThroughHole"; VariantName = "[No Variations]"
Add component (AddParameter): Name = "Number of Positions"; Value = "2"; VariantName = "[No Variations]"
Add component (AddParameter): Name = "Number of Positions / Contacts"; Value = "2"; VariantName = "[No Variations]"
Add component (AddParameter): Name = "Number of Rows"; Value = "1"; VariantName = "[No Variations]"
Add component (AddParameter): Name = "Operating Temperature Range"; Value = "-65Cto+125C"; VariantName = "[No Variations]"
Add component (AddParameter): Name = "Package Description"; Value = "Male Header, Pitch 2.54 mm, 1 x 2 Position, Height 8.38 mm, Tail Length 2.41 mm"; VariantName = "[No Variations]"
Add component (AddParameter): Name = "Package Reference"; Value = "68000-102HLF"; VariantName = "[No Variations]"
Add component (AddParameter): Name = "Packaging"; Value = "Bulk"; VariantName = "[No Variations]"
Add component (AddParameter): Name = "Pitch"; Value = "2.54mm"; VariantName = "[No Variations]"
Add component (AddParameter): Name = "Product Category"; Value = "Headers&WireHousings"; VariantName = "[No Variations]"
Add component (AddParameter): Name = "Product Type"; Value = "Headers"; VariantName = "[No Variations]"
Add component (AddParameter): Name = "RoHS"; Value = "Details"; VariantName = "[No Variations]"
Add component (AddParameter): Name = "Series"; Value = "68000"; VariantName = "[No Variations]"
Add component (AddParameter): Name = "Termination Post Length"; Value = "2.41mm"; VariantName = "[No Variations]"
Add component (AddParameter): Name = "Termination Style"; Value = "ThroughHole"; VariantName = "[No Variations]"
Add component (AddParameter): Name = "Type"; Value = "Unshrouded"; VariantName = "[No Variations]"
Add component (AddParameter): Name = "Voltage Rating"; Value = "1.5kV"; VariantName = "[No Variations]"
Added Component: Designator=Q1_HB1A(ONSC-DPAK-3-369C-01_V)
Add component. Clean all parameters for all variants
Add component (AddParameter): Name = "Channel Polarity"; Value = "N Channel"; VariantName = "[No Variations]"
Add component (AddParameter): Name = "Ciss Typ (pF)"; Value = "814"; VariantName = "[No Variations]"
Add component (AddParameter): Name = "ComponentLink1Description"; Value = "Manufacturer URL"; VariantName = "[No Variations]"
Add component (AddParameter): Name = "ComponentLink1URL"; Value = "http://www.onsemi.com/"; VariantName = "[No Variations]"
Add component (AddParameter): Name = "ComponentLink2Description"; Value = "Datasheet"; VariantName = "[No Variations]"
Add component (AddParameter): Name = "ComponentLink2URL"; Value = "http://www.onsemi.cn/pub_link/Collateral/NTD24N06L-D.PDF"; VariantName = "[No Variations]"
Add component (AddParameter): Name = "ComponentLink3Description"; Value = "Package Specification"; VariantName = "[No Variations]"
Add component (AddParameter): Name = "ComponentLink3URL"; Value = "http://www.onsemi.cn/pub_link/Collateral/369C.PDF"; VariantName = "[No Variations]"
Add component (AddParameter): Name = "Configuration"; Value = "Single"; VariantName = "[No Variations]"
Add component (AddParameter): Name = "Coss Typ (pF)"; Value = "258"; VariantName = "[No Variations]"
Add component (AddParameter): Name = "Crss Typ (pF)"; Value = "80"; VariantName = "[No Variations]"
Add component (AddParameter): Name = "DatasheetVersion"; Value = "Rev. 3"; VariantName = "[No Variations]"
Add component (AddParameter): Name = "Manufacturer"; Value = "On Semiconductor"; VariantName = "[No Variations]"
Add component (AddParameter): Name = "Mounting Technology"; Value = "Surface Mount"; VariantName = "[No Variations]"
Add component (AddParameter): Name = "PackageDescription"; Value = "3-Pin Flange Mount, Body 6.54 x 6.095 mm, Pitch 2.29 mm"; VariantName = "[No Variations]"
Add component (AddParameter): Name = "PackageReference"; Value = "DPAK-3-369C-01"; VariantName = "[No Variations]"
Add component (AddParameter): Name = "Package Type"; Value = "DPAK-3"; VariantName = "[No Variations]"
Add component (AddParameter): Name = "PackageVersion"; Value = "Rev. E, 02/2014"; VariantName = "[No Variations]"
Add component (AddParameter): Name = "Packing"; Value = "Tape and Reel"; VariantName = "[No Variations]"
Add component (AddParameter): Name = "PartNumber"; Value = "NTD24N06LT4G"; VariantName = "[No Variations]"
Add component (AddParameter): Name = "Qrr Typ (nC)"; Value = "84"; VariantName = "[No Variations]"
Add component (AddParameter): Name = "RoHS"; Value = "Pb-Free"; VariantName = "[No Variations]"
Add component (AddParameter): Name = "V(BR)DSS Min (V)"; Value = "60"; VariantName = "[No Variations]"
Add component (AddParameter): Name = "VGS(th) Max (V)"; Value = "2"; VariantName = "[No Variations]"
Added Component: Designator=Q1_HB1B(ONSC-DPAK-3-369C-01_V)
Add component. Clean all parameters for all variants
Add component (AddParameter): Name = "Channel Polarity"; Value = "N Channel"; VariantName = "[No Variations]"
Add component (AddParameter): Name = "Ciss Typ (pF)"; Value = "814"; VariantName = "[No Variations]"
Add component (AddParameter): Name = "ComponentLink1Description"; Value = "Manufacturer URL"; VariantName = "[No Variations]"
Add component (AddParameter): Name = "ComponentLink1URL"; Value = "http://www.onsemi.com/"; VariantName = "[No Variations]"
Add component (AddParameter): Name = "ComponentLink2Description"; Value = "Datasheet"; VariantName = "[No Variations]"
Add component (AddParameter): Name = "ComponentLink2URL"; Value = "http://www.onsemi.cn/pub_link/Collateral/NTD24N06L-D.PDF"; VariantName = "[No Variations]"
Add component (AddParameter): Name = "ComponentLink3Description"; Value = "Package Specification"; VariantName = "[No Variations]"
Add component (AddParameter): Name = "ComponentLink3URL"; Value = "http://www.onsemi.cn/pub_link/Collateral/369C.PDF"; VariantName = "[No Variations]"
Add component (AddParameter): Name = "Configuration"; Value = "Single"; VariantName = "[No Variations]"
Add component (AddParameter): Name = "Coss Typ (pF)"; Value = "258"; VariantName = "[No Variations]"
Add component (AddParameter): Name = "Crss Typ (pF)"; Value = "80"; VariantName = "[No Variations]"
Add component (AddParameter): Name = "DatasheetVersion"; Value = "Rev. 3"; VariantName = "[No Variations]"
Add component (AddParameter): Name = "Manufacturer"; Value = "On Semiconductor"; VariantName = "[No Variations]"
Add component (AddParameter): Name = "Mounting Technology"; Value = "Surface Mount"; VariantName = "[No Variations]"
Add component (AddParameter): Name = "PackageDescription"; Value = "3-Pin Flange Mount, Body 6.54 x 6.095 mm, Pitch 2.29 mm"; VariantName = "[No Variations]"
Add component (AddParameter): Name = "PackageReference"; Value = "DPAK-3-369C-01"; VariantName = "[No Variations]"
Add component (AddParameter): Name = "Package Type"; Value = "DPAK-3"; VariantName = "[No Variations]"
Add component (AddParameter): Name = "PackageVersion"; Value = "Rev. E, 02/2014"; VariantName = "[No Variations]"
Add component (AddParameter): Name = "Packing"; Value = "Tape and Reel"; VariantName = "[No Variations]"
Add component (AddParameter): Name = "PartNumber"; Value = "NTD24N06LT4G"; VariantName = "[No Variations]"
Add component (AddParameter): Name = "Qrr Typ (nC)"; Value = "84"; VariantName = "[No Variations]"
Add component (AddParameter): Name = "RoHS"; Value = "Pb-Free"; VariantName = "[No Variations]"
Add component (AddParameter): Name = "V(BR)DSS Min (V)"; Value = "60"; VariantName = "[No Variations]"
Add component (AddParameter): Name = "VGS(th) Max (V)"; Value = "2"; VariantName = "[No Variations]"
Added Component: Designator=Q1_HB2A(ONSC-DPAK-3-369C-01_V)
Add component. Clean all parameters for all variants
Add component (AddParameter): Name = "Channel Polarity"; Value = "N Channel"; VariantName = "[No Variations]"
Add component (AddParameter): Name = "Ciss Typ (pF)"; Value = "814"; VariantName = "[No Variations]"
Add component (AddParameter): Name = "ComponentLink1Description"; Value = "Manufacturer URL"; VariantName = "[No Variations]"
Add component (AddParameter): Name = "ComponentLink1URL"; Value = "http://www.onsemi.com/"; VariantName = "[No Variations]"
Add component (AddParameter): Name = "ComponentLink2Description"; Value = "Datasheet"; VariantName = "[No Variations]"
Add component (AddParameter): Name = "ComponentLink2URL"; Value = "http://www.onsemi.cn/pub_link/Collateral/NTD24N06L-D.PDF"; VariantName = "[No Variations]"
Add component (AddParameter): Name = "ComponentLink3Description"; Value = "Package Specification"; VariantName = "[No Variations]"
Add component (AddParameter): Name = "ComponentLink3URL"; Value = "http://www.onsemi.cn/pub_link/Collateral/369C.PDF"; VariantName = "[No Variations]"
Add component (AddParameter): Name = "Configuration"; Value = "Single"; VariantName = "[No Variations]"
Add component (AddParameter): Name = "Coss Typ (pF)"; Value = "258"; VariantName = "[No Variations]"
Add component (AddParameter): Name = "Crss Typ (pF)"; Value = "80"; VariantName = "[No Variations]"
Add component (AddParameter): Name = "DatasheetVersion"; Value = "Rev. 3"; VariantName = "[No Variations]"
Add component (AddParameter): Name = "Manufacturer"; Value = "On Semiconductor"; VariantName = "[No Variations]"
Add component (AddParameter): Name = "Mounting Technology"; Value = "Surface Mount"; VariantName = "[No Variations]"
Add component (AddParameter): Name = "PackageDescription"; Value = "3-Pin Flange Mount, Body 6.54 x 6.095 mm, Pitch 2.29 mm"; VariantName = "[No Variations]"
Add component (AddParameter): Name = "PackageReference"; Value = "DPAK-3-369C-01"; VariantName = "[No Variations]"
Add component (AddParameter): Name = "Package Type"; Value = "DPAK-3"; VariantName = "[No Variations]"
Add component (AddParameter): Name = "PackageVersion"; Value = "Rev. E, 02/2014"; VariantName = "[No Variations]"
Add component (AddParameter): Name = "Packing"; Value = "Tape and Reel"; VariantName = "[No Variations]"
Add component (AddParameter): Name = "PartNumber"; Value = "NTD24N06LT4G"; VariantName = "[No Variations]"
Add component (AddParameter): Name = "Qrr Typ (nC)"; Value = "84"; VariantName = "[No Variations]"
Add component (AddParameter): Name = "RoHS"; Value = "Pb-Free"; VariantName = "[No Variations]"
Add component (AddParameter): Name = "V(BR)DSS Min (V)"; Value = "60"; VariantName = "[No Variations]"
Add component (AddParameter): Name = "VGS(th) Max (V)"; Value = "2"; VariantName = "[No Variations]"
Added Component: Designator=Q1_HB2B(ONSC-DPAK-3-369C-01_V)
Add component. Clean all parameters for all variants
Add component (AddParameter): Name = "Channel Polarity"; Value = "N Channel"; VariantName = "[No Variations]"
Add component (AddParameter): Name = "Ciss Typ (pF)"; Value = "814"; VariantName = "[No Variations]"
Add component (AddParameter): Name = "ComponentLink1Description"; Value = "Manufacturer URL"; VariantName = "[No Variations]"
Add component (AddParameter): Name = "ComponentLink1URL"; Value = "http://www.onsemi.com/"; VariantName = "[No Variations]"
Add component (AddParameter): Name = "ComponentLink2Description"; Value = "Datasheet"; VariantName = "[No Variations]"
Add component (AddParameter): Name = "ComponentLink2URL"; Value = "http://www.onsemi.cn/pub_link/Collateral/NTD24N06L-D.PDF"; VariantName = "[No Variations]"
Add component (AddParameter): Name = "ComponentLink3Description"; Value = "Package Specification"; VariantName = "[No Variations]"
Add component (AddParameter): Name = "ComponentLink3URL"; Value = "http://www.onsemi.cn/pub_link/Collateral/369C.PDF"; VariantName = "[No Variations]"
Add component (AddParameter): Name = "Configuration"; Value = "Single"; VariantName = "[No Variations]"
Add component (AddParameter): Name = "Coss Typ (pF)"; Value = "258"; VariantName = "[No Variations]"
Add component (AddParameter): Name = "Crss Typ (pF)"; Value = "80"; VariantName = "[No Variations]"
Add component (AddParameter): Name = "DatasheetVersion"; Value = "Rev. 3"; VariantName = "[No Variations]"
Add component (AddParameter): Name = "Manufacturer"; Value = "On Semiconductor"; VariantName = "[No Variations]"
Add component (AddParameter): Name = "Mounting Technology"; Value = "Surface Mount"; VariantName = "[No Variations]"
Add component (AddParameter): Name = "PackageDescription"; Value = "3-Pin Flange Mount, Body 6.54 x 6.095 mm, Pitch 2.29 mm"; VariantName = "[No Variations]"
Add component (AddParameter): Name = "PackageReference"; Value = "DPAK-3-369C-01"; VariantName = "[No Variations]"
Add component (AddParameter): Name = "Package Type"; Value = "DPAK-3"; VariantName = "[No Variations]"
Add component (AddParameter): Name = "PackageVersion"; Value = "Rev. E, 02/2014"; VariantName = "[No Variations]"
Add component (AddParameter): Name = "Packing"; Value = "Tape and Reel"; VariantName = "[No Variations]"
Add component (AddParameter): Name = "PartNumber"; Value = "NTD24N06LT4G"; VariantName = "[No Variations]"
Add component (AddParameter): Name = "Qrr Typ (nC)"; Value = "84"; VariantName = "[No Variations]"
Add component (AddParameter): Name = "RoHS"; Value = "Pb-Free"; VariantName = "[No Variations]"
Add component (AddParameter): Name = "V(BR)DSS Min (V)"; Value = "60"; VariantName = "[No Variations]"
Add component (AddParameter): Name = "VGS(th) Max (V)"; Value = "2"; VariantName = "[No Variations]"
Added Component: Designator=Q2_HB1A(ONSC-DPAK-3-369C-01_V)
Add component. Clean all parameters for all variants
Add component (AddParameter): Name = "Channel Polarity"; Value = "N Channel"; VariantName = "[No Variations]"
Add component (AddParameter): Name = "Ciss Typ (pF)"; Value = "814"; VariantName = "[No Variations]"
Add component (AddParameter): Name = "ComponentLink1Description"; Value = "Manufacturer URL"; VariantName = "[No Variations]"
Add component (AddParameter): Name = "ComponentLink1URL"; Value = "http://www.onsemi.com/"; VariantName = "[No Variations]"
Add component (AddParameter): Name = "ComponentLink2Description"; Value = "Datasheet"; VariantName = "[No Variations]"
Add component (AddParameter): Name = "ComponentLink2URL"; Value = "http://www.onsemi.cn/pub_link/Collateral/NTD24N06L-D.PDF"; VariantName = "[No Variations]"
Add component (AddParameter): Name = "ComponentLink3Description"; Value = "Package Specification"; VariantName = "[No Variations]"
Add component (AddParameter): Name = "ComponentLink3URL"; Value = "http://www.onsemi.cn/pub_link/Collateral/369C.PDF"; VariantName = "[No Variations]"
Add component (AddParameter): Name = "Configuration"; Value = "Single"; VariantName = "[No Variations]"
Add component (AddParameter): Name = "Coss Typ (pF)"; Value = "258"; VariantName = "[No Variations]"
Add component (AddParameter): Name = "Crss Typ (pF)"; Value = "80"; VariantName = "[No Variations]"
Add component (AddParameter): Name = "DatasheetVersion"; Value = "Rev. 3"; VariantName = "[No Variations]"
Add component (AddParameter): Name = "Manufacturer"; Value = "On Semiconductor"; VariantName = "[No Variations]"
Add component (AddParameter): Name = "Mounting Technology"; Value = "Surface Mount"; VariantName = "[No Variations]"
Add component (AddParameter): Name = "PackageDescription"; Value = "3-Pin Flange Mount, Body 6.54 x 6.095 mm, Pitch 2.29 mm"; VariantName = "[No Variations]"
Add component (AddParameter): Name = "PackageReference"; Value = "DPAK-3-369C-01"; VariantName = "[No Variations]"
Add component (AddParameter): Name = "Package Type"; Value = "DPAK-3"; VariantName = "[No Variations]"
Add component (AddParameter): Name = "PackageVersion"; Value = "Rev. E, 02/2014"; VariantName = "[No Variations]"
Add component (AddParameter): Name = "Packing"; Value = "Tape and Reel"; VariantName = "[No Variations]"
Add component (AddParameter): Name = "PartNumber"; Value = "NTD24N06LT4G"; VariantName = "[No Variations]"
Add component (AddParameter): Name = "Qrr Typ (nC)"; Value = "84"; VariantName = "[No Variations]"
Add component (AddParameter): Name = "RoHS"; Value = "Pb-Free"; VariantName = "[No Variations]"
Add component (AddParameter): Name = "V(BR)DSS Min (V)"; Value = "60"; VariantName = "[No Variations]"
Add component (AddParameter): Name = "VGS(th) Max (V)"; Value = "2"; VariantName = "[No Variations]"
Added Component: Designator=Q2_HB1B(ONSC-DPAK-3-369C-01_V)
Add component. Clean all parameters for all variants
Add component (AddParameter): Name = "Channel Polarity"; Value = "N Channel"; VariantName = "[No Variations]"
Add component (AddParameter): Name = "Ciss Typ (pF)"; Value = "814"; VariantName = "[No Variations]"
Add component (AddParameter): Name = "ComponentLink1Description"; Value = "Manufacturer URL"; VariantName = "[No Variations]"
Add component (AddParameter): Name = "ComponentLink1URL"; Value = "http://www.onsemi.com/"; VariantName = "[No Variations]"
Add component (AddParameter): Name = "ComponentLink2Description"; Value = "Datasheet"; VariantName = "[No Variations]"
Add component (AddParameter): Name = "ComponentLink2URL"; Value = "http://www.onsemi.cn/pub_link/Collateral/NTD24N06L-D.PDF"; VariantName = "[No Variations]"
Add component (AddParameter): Name = "ComponentLink3Description"; Value = "Package Specification"; VariantName = "[No Variations]"
Add component (AddParameter): Name = "ComponentLink3URL"; Value = "http://www.onsemi.cn/pub_link/Collateral/369C.PDF"; VariantName = "[No Variations]"
Add component (AddParameter): Name = "Configuration"; Value = "Single"; VariantName = "[No Variations]"
Add component (AddParameter): Name = "Coss Typ (pF)"; Value = "258"; VariantName = "[No Variations]"
Add component (AddParameter): Name = "Crss Typ (pF)"; Value = "80"; VariantName = "[No Variations]"
Add component (AddParameter): Name = "DatasheetVersion"; Value = "Rev. 3"; VariantName = "[No Variations]"
Add component (AddParameter): Name = "Manufacturer"; Value = "On Semiconductor"; VariantName = "[No Variations]"
Add component (AddParameter): Name = "Mounting Technology"; Value = "Surface Mount"; VariantName = "[No Variations]"
Add component (AddParameter): Name = "PackageDescription"; Value = "3-Pin Flange Mount, Body 6.54 x 6.095 mm, Pitch 2.29 mm"; VariantName = "[No Variations]"
Add component (AddParameter): Name = "PackageReference"; Value = "DPAK-3-369C-01"; VariantName = "[No Variations]"
Add component (AddParameter): Name = "Package Type"; Value = "DPAK-3"; VariantName = "[No Variations]"
Add component (AddParameter): Name = "PackageVersion"; Value = "Rev. E, 02/2014"; VariantName = "[No Variations]"
Add component (AddParameter): Name = "Packing"; Value = "Tape and Reel"; VariantName = "[No Variations]"
Add component (AddParameter): Name = "PartNumber"; Value = "NTD24N06LT4G"; VariantName = "[No Variations]"
Add component (AddParameter): Name = "Qrr Typ (nC)"; Value = "84"; VariantName = "[No Variations]"
Add component (AddParameter): Name = "RoHS"; Value = "Pb-Free"; VariantName = "[No Variations]"
Add component (AddParameter): Name = "V(BR)DSS Min (V)"; Value = "60"; VariantName = "[No Variations]"
Add component (AddParameter): Name = "VGS(th) Max (V)"; Value = "2"; VariantName = "[No Variations]"
Added Component: Designator=Q2_HB2A(ONSC-DPAK-3-369C-01_V)
Add component. Clean all parameters for all variants
Add component (AddParameter): Name = "Channel Polarity"; Value = "N Channel"; VariantName = "[No Variations]"
Add component (AddParameter): Name = "Ciss Typ (pF)"; Value = "814"; VariantName = "[No Variations]"
Add component (AddParameter): Name = "ComponentLink1Description"; Value = "Manufacturer URL"; VariantName = "[No Variations]"
Add component (AddParameter): Name = "ComponentLink1URL"; Value = "http://www.onsemi.com/"; VariantName = "[No Variations]"
Add component (AddParameter): Name = "ComponentLink2Description"; Value = "Datasheet"; VariantName = "[No Variations]"
Add component (AddParameter): Name = "ComponentLink2URL"; Value = "http://www.onsemi.cn/pub_link/Collateral/NTD24N06L-D.PDF"; VariantName = "[No Variations]"
Add component (AddParameter): Name = "ComponentLink3Description"; Value = "Package Specification"; VariantName = "[No Variations]"
Add component (AddParameter): Name = "ComponentLink3URL"; Value = "http://www.onsemi.cn/pub_link/Collateral/369C.PDF"; VariantName = "[No Variations]"
Add component (AddParameter): Name = "Configuration"; Value = "Single"; VariantName = "[No Variations]"
Add component (AddParameter): Name = "Coss Typ (pF)"; Value = "258"; VariantName = "[No Variations]"
Add component (AddParameter): Name = "Crss Typ (pF)"; Value = "80"; VariantName = "[No Variations]"
Add component (AddParameter): Name = "DatasheetVersion"; Value = "Rev. 3"; VariantName = "[No Variations]"
Add component (AddParameter): Name = "Manufacturer"; Value = "On Semiconductor"; VariantName = "[No Variations]"
Add component (AddParameter): Name = "Mounting Technology"; Value = "Surface Mount"; VariantName = "[No Variations]"
Add component (AddParameter): Name = "PackageDescription"; Value = "3-Pin Flange Mount, Body 6.54 x 6.095 mm, Pitch 2.29 mm"; VariantName = "[No Variations]"
Add component (AddParameter): Name = "PackageReference"; Value = "DPAK-3-369C-01"; VariantName = "[No Variations]"
Add component (AddParameter): Name = "Package Type"; Value = "DPAK-3"; VariantName = "[No Variations]"
Add component (AddParameter): Name = "PackageVersion"; Value = "Rev. E, 02/2014"; VariantName = "[No Variations]"
Add component (AddParameter): Name = "Packing"; Value = "Tape and Reel"; VariantName = "[No Variations]"
Add component (AddParameter): Name = "PartNumber"; Value = "NTD24N06LT4G"; VariantName = "[No Variations]"
Add component (AddParameter): Name = "Qrr Typ (nC)"; Value = "84"; VariantName = "[No Variations]"
Add component (AddParameter): Name = "RoHS"; Value = "Pb-Free"; VariantName = "[No Variations]"
Add component (AddParameter): Name = "V(BR)DSS Min (V)"; Value = "60"; VariantName = "[No Variations]"
Add component (AddParameter): Name = "VGS(th) Max (V)"; Value = "2"; VariantName = "[No Variations]"
Added Component: Designator=Q2_HB2B(ONSC-DPAK-3-369C-01_V)
Add component. Clean all parameters for all variants
Add component (AddParameter): Name = "Channel Polarity"; Value = "N Channel"; VariantName = "[No Variations]"
Add component (AddParameter): Name = "Ciss Typ (pF)"; Value = "814"; VariantName = "[No Variations]"
Add component (AddParameter): Name = "ComponentLink1Description"; Value = "Manufacturer URL"; VariantName = "[No Variations]"
Add component (AddParameter): Name = "ComponentLink1URL"; Value = "http://www.onsemi.com/"; VariantName = "[No Variations]"
Add component (AddParameter): Name = "ComponentLink2Description"; Value = "Datasheet"; VariantName = "[No Variations]"
Add component (AddParameter): Name = "ComponentLink2URL"; Value = "http://www.onsemi.cn/pub_link/Collateral/NTD24N06L-D.PDF"; VariantName = "[No Variations]"
Add component (AddParameter): Name = "ComponentLink3Description"; Value = "Package Specification"; VariantName = "[No Variations]"
Add component (AddParameter): Name = "ComponentLink3URL"; Value = "http://www.onsemi.cn/pub_link/Collateral/369C.PDF"; VariantName = "[No Variations]"
Add component (AddParameter): Name = "Configuration"; Value = "Single"; VariantName = "[No Variations]"
Add component (AddParameter): Name = "Coss Typ (pF)"; Value = "258"; VariantName = "[No Variations]"
Add component (AddParameter): Name = "Crss Typ (pF)"; Value = "80"; VariantName = "[No Variations]"
Add component (AddParameter): Name = "DatasheetVersion"; Value = "Rev. 3"; VariantName = "[No Variations]"
Add component (AddParameter): Name = "Manufacturer"; Value = "On Semiconductor"; VariantName = "[No Variations]"
Add component (AddParameter): Name = "Mounting Technology"; Value = "Surface Mount"; VariantName = "[No Variations]"
Add component (AddParameter): Name = "PackageDescription"; Value = "3-Pin Flange Mount, Body 6.54 x 6.095 mm, Pitch 2.29 mm"; VariantName = "[No Variations]"
Add component (AddParameter): Name = "PackageReference"; Value = "DPAK-3-369C-01"; VariantName = "[No Variations]"
Add component (AddParameter): Name = "Package Type"; Value = "DPAK-3"; VariantName = "[No Variations]"
Add component (AddParameter): Name = "PackageVersion"; Value = "Rev. E, 02/2014"; VariantName = "[No Variations]"
Add component (AddParameter): Name = "Packing"; Value = "Tape and Reel"; VariantName = "[No Variations]"
Add component (AddParameter): Name = "PartNumber"; Value = "NTD24N06LT4G"; VariantName = "[No Variations]"
Add component (AddParameter): Name = "Qrr Typ (nC)"; Value = "84"; VariantName = "[No Variations]"
Add component (AddParameter): Name = "RoHS"; Value = "Pb-Free"; VariantName = "[No Variations]"
Add component (AddParameter): Name = "V(BR)DSS Min (V)"; Value = "60"; VariantName = "[No Variations]"
Add component (AddParameter): Name = "VGS(th) Max (V)"; Value = "2"; VariantName = "[No Variations]"
Added Component: Designator=R1_HB1A(RESC2013X50X30ML20T20)
Add component. Clean all parameters for all variants
Add component (AddParameter): Name = "Manufacturer"; Value = "Vishay Dale"; VariantName = "[No Variations]"
Add component (AddParameter): Name = "Part Number"; Value = "CRCW080520R0JNEA"; VariantName = "[No Variations]"
Added Component: Designator=R1_HB1B(RESC2013X50X30ML20T20)
Add component. Clean all parameters for all variants
Add component (AddParameter): Name = "Manufacturer"; Value = "Vishay Dale"; VariantName = "[No Variations]"
Add component (AddParameter): Name = "Part Number"; Value = "CRCW080520R0JNEA"; VariantName = "[No Variations]"
Added Component: Designator=R1_HB2A(RESC2013X50X30ML20T20)
Add component. Clean all parameters for all variants
Add component (AddParameter): Name = "Manufacturer"; Value = "Vishay Dale"; VariantName = "[No Variations]"
Add component (AddParameter): Name = "Part Number"; Value = "CRCW080520R0JNEA"; VariantName = "[No Variations]"
Added Component: Designator=R1_HB2B(RESC2013X50X30ML20T20)
Add component. Clean all parameters for all variants
Add component (AddParameter): Name = "Manufacturer"; Value = "Vishay Dale"; VariantName = "[No Variations]"
Add component (AddParameter): Name = "Part Number"; Value = "CRCW080520R0JNEA"; VariantName = "[No Variations]"
Added Component: Designator=R2_HB1A(RESC2013X50X30ML20T20)
Add component. Clean all parameters for all variants
Add component (AddParameter): Name = "Manufacturer"; Value = "Vishay Dale"; VariantName = "[No Variations]"
Add component (AddParameter): Name = "Part Number"; Value = "CRCW080520R0JNEA"; VariantName = "[No Variations]"
Added Component: Designator=R2_HB1B(RESC2013X50X30ML20T20)
Add component. Clean all parameters for all variants
Add component (AddParameter): Name = "Manufacturer"; Value = "Vishay Dale"; VariantName = "[No Variations]"
Add component (AddParameter): Name = "Part Number"; Value = "CRCW080520R0JNEA"; VariantName = "[No Variations]"
Added Component: Designator=R2_HB2A(RESC2013X50X30ML20T20)
Add component. Clean all parameters for all variants
Add component (AddParameter): Name = "Manufacturer"; Value = "Vishay Dale"; VariantName = "[No Variations]"
Add component (AddParameter): Name = "Part Number"; Value = "CRCW080520R0JNEA"; VariantName = "[No Variations]"
Added Component: Designator=R2_HB2B(RESC2013X50X30ML20T20)
Add component. Clean all parameters for all variants
Add component (AddParameter): Name = "Manufacturer"; Value = "Vishay Dale"; VariantName = "[No Variations]"
Add component (AddParameter): Name = "Part Number"; Value = "CRCW080520R0JNEA"; VariantName = "[No Variations]"
Added Pin To Net: NetName=+12 Pin=C2_HB1A-2
Added Pin To Net: NetName=+12 Pin=C2_HB1B-2
Added Pin To Net: NetName=+12 Pin=C2_HB2A-2
Added Pin To Net: NetName=+12 Pin=C2_HB2B-2
Added Pin To Net: NetName=+12 Pin=D1_HB1A-1
Added Pin To Net: NetName=+12 Pin=D1_HB1B-1
Added Pin To Net: NetName=+12 Pin=D1_HB2A-1
Added Pin To Net: NetName=+12 Pin=D1_HB2B-1
Added Net: Name=+12
Added Pin To Net: NetName=NetC1_HB1A_1 Pin=C1_HB1A-1
Added Pin To Net: NetName=NetC1_HB1A_1 Pin=M?-1
Added Pin To Net: NetName=NetC1_HB1A_1 Pin=Q1_HB1A-3
Added Pin To Net: NetName=NetC1_HB1A_1 Pin=Q2_HB1A-4
Added Net: Name=NetC1_HB1A_1
Added Pin To Net: NetName=NetC1_HB1A_2 Pin=C1_HB1A-2
Added Pin To Net: NetName=NetC1_HB1A_2 Pin=D1_HB1A-2
Added Net: Name=NetC1_HB1A_2
Added Pin To Net: NetName=NetC1_HB1B_1 Pin=C1_HB1B-1
Added Pin To Net: NetName=NetC1_HB1B_1 Pin=M?-2
Added Pin To Net: NetName=NetC1_HB1B_1 Pin=Q1_HB1B-3
Added Pin To Net: NetName=NetC1_HB1B_1 Pin=Q2_HB1B-4
Added Net: Name=NetC1_HB1B_1
Added Pin To Net: NetName=NetC1_HB1B_2 Pin=C1_HB1B-2
Added Pin To Net: NetName=NetC1_HB1B_2 Pin=D1_HB1B-2
Added Net: Name=NetC1_HB1B_2
Added Pin To Net: NetName=NetC1_HB2A_1 Pin=C1_HB2A-1
Added Pin To Net: NetName=NetC1_HB2A_1 Pin=M?-1
Added Pin To Net: NetName=NetC1_HB2A_1 Pin=Q1_HB2A-3
Added Pin To Net: NetName=NetC1_HB2A_1 Pin=Q2_HB2A-4
Added Net: Name=NetC1_HB2A_1
Added Pin To Net: NetName=NetC1_HB2A_2 Pin=C1_HB2A-2
Added Pin To Net: NetName=NetC1_HB2A_2 Pin=D1_HB2A-2
Added Net: Name=NetC1_HB2A_2
Added Pin To Net: NetName=NetC1_HB2B_1 Pin=C1_HB2B-1
Added Pin To Net: NetName=NetC1_HB2B_1 Pin=M?-2
Added Pin To Net: NetName=NetC1_HB2B_1 Pin=Q1_HB2B-3
Added Pin To Net: NetName=NetC1_HB2B_1 Pin=Q2_HB2B-4
Added Net: Name=NetC1_HB2B_1
Added Pin To Net: NetName=NetC1_HB2B_2 Pin=C1_HB2B-2
Added Pin To Net: NetName=NetC1_HB2B_2 Pin=D1_HB2B-2
Added Net: Name=NetC1_HB2B_2
Added Net: Name=NetFD1_HB1A_1
Added Net: Name=NetFD1_HB1A_2
Added Pin To Net: NetName=NetFD1_HB1A_4 Pin=R2_HB1A-1
Added Net: Name=NetFD1_HB1A_4
Added Pin To Net: NetName=NetFD1_HB1A_7 Pin=R1_HB1A-1
Added Net: Name=NetFD1_HB1A_7
Added Net: Name=NetFD1_HB1B_1
Added Net: Name=NetFD1_HB1B_2
Added Pin To Net: NetName=NetFD1_HB1B_4 Pin=R2_HB1B-1
Added Net: Name=NetFD1_HB1B_4
Added Pin To Net: NetName=NetFD1_HB1B_7 Pin=R1_HB1B-1
Added Net: Name=NetFD1_HB1B_7
Added Net: Name=NetFD1_HB2A_1
Added Net: Name=NetFD1_HB2A_2
Added Pin To Net: NetName=NetFD1_HB2A_4 Pin=R2_HB2A-1
Added Net: Name=NetFD1_HB2A_4
Added Pin To Net: NetName=NetFD1_HB2A_7 Pin=R1_HB2A-1
Added Net: Name=NetFD1_HB2A_7
Added Net: Name=NetFD1_HB2B_1
Added Net: Name=NetFD1_HB2B_2
Added Pin To Net: NetName=NetFD1_HB2B_4 Pin=R2_HB2B-1
Added Net: Name=NetFD1_HB2B_4
Added Pin To Net: NetName=NetFD1_HB2B_7 Pin=R1_HB2B-1
Added Net: Name=NetFD1_HB2B_7
Added Pin To Net: NetName=NetQ1_HB1A_1 Pin=Q1_HB1A-1
Added Pin To Net: NetName=NetQ1_HB1A_1 Pin=R1_HB1A-2
Added Net: Name=NetQ1_HB1A_1
Added Pin To Net: NetName=NetQ1_HB1B_1 Pin=Q1_HB1B-1
Added Pin To Net: NetName=NetQ1_HB1B_1 Pin=R1_HB1B-2
Added Net: Name=NetQ1_HB1B_1
Added Pin To Net: NetName=NetQ1_HB2A_1 Pin=Q1_HB2A-1
Added Pin To Net: NetName=NetQ1_HB2A_1 Pin=R1_HB2A-2
Added Net: Name=NetQ1_HB2A_1
Added Pin To Net: NetName=NetQ1_HB2B_1 Pin=Q1_HB2B-1
Added Pin To Net: NetName=NetQ1_HB2B_1 Pin=R1_HB2B-2
Added Net: Name=NetQ1_HB2B_1
Added Pin To Net: NetName=NetQ2_HB1A_1 Pin=Q2_HB1A-1
Added Pin To Net: NetName=NetQ2_HB1A_1 Pin=R2_HB1A-2
Added Net: Name=NetQ2_HB1A_1
Added Pin To Net: NetName=NetQ2_HB1B_1 Pin=Q2_HB1B-1
Added Pin To Net: NetName=NetQ2_HB1B_1 Pin=R2_HB1B-2
Added Net: Name=NetQ2_HB1B_1
Added Pin To Net: NetName=NetQ2_HB2A_1 Pin=Q2_HB2A-1
Added Pin To Net: NetName=NetQ2_HB2A_1 Pin=R2_HB2A-2
Added Net: Name=NetQ2_HB2A_1
Added Pin To Net: NetName=NetQ2_HB2B_1 Pin=Q2_HB2B-1
Added Pin To Net: NetName=NetQ2_HB2B_1 Pin=R2_HB2B-2
Added Net: Name=NetQ2_HB2B_1
Added Pin To Net: NetName=VBAT Pin=C3_HB1A-2
Added Pin To Net: NetName=VBAT Pin=C3_HB1B-2
Added Pin To Net: NetName=VBAT Pin=C3_HB2A-2
Added Pin To Net: NetName=VBAT Pin=C3_HB2B-2
Added Pin To Net: NetName=VBAT Pin=Q1_HB1A-4
Added Pin To Net: NetName=VBAT Pin=Q1_HB1B-4
Added Pin To Net: NetName=VBAT Pin=Q1_HB2A-4
Added Pin To Net: NetName=VBAT Pin=Q1_HB2B-4
Added Net: Name=VBAT
Added Class: Name=HB1A
Added Class: Name=HB1B
Added Class: Name=HB2A
Added Class: Name=HB2B
Added Class: Name=HalfBridge
Added Member To Class: ClassName=ArduinoUnoShield Member=Component M? 68000-102HLF
Added Member To Class: ClassName=ArduinoUnoShield Member=Component M? 68000-102HLF
Added Room: Name=ArduinoUnoShield
Added Room: Name=HB1A
Added Room: Name=HB1B
Added Room: Name=HB2A
Added Room: Name=HB2B
